<?xml version="1.0" encoding="UTF-8"?>
<!-- Generated by org.testng.reporters.JUnitXMLReporter -->
<testsuite ignored="0" hostname="DESKTOP-RB71H0V" failures="0" tests="12" name="Test" time="151.639" errors="0" timestamp="08 Mar 2024 07:53:18 GMT">
  <testcase classname="com.csp.qa.testcase.BankManagerLogin_TC" name="testBankManagerLogin" time="4.194"/>
  <testcase classname="com.csp.qa.testcase.CustomerLoginPage_TC" name="customerlogin" time="2.113"/>
  <testcase classname="com.csp.qa.testcase.TransactionsPage_TC" name="Verify_Deposit_With_ValidAmount" time="1.913"/>
  <testcase classname="com.csp.qa.testcase.CustomerPage_TC" name="DeleteCustomerEntry" time="1.267"/>
  <testcase classname="com.csp.qa.testcase.AddCustomerPage_TC" name="AddCustomer_NotExist" time="1.775"/>
  <testcase classname="com.csp.qa.testcase.OpenAccountPage_TC" name="OpenAccount" time="12.646"/>
  <testcase classname="com.csp.qa.testcase.Withdrawl_TC" name="Verify_Withdraw_With_ValideAmmount" time="14.211"/>
  <testcase classname="com.csp.qa.testcase.DepositePage_TC" name="VerifyDepositWithValidAmount" time="3.416"/>
  <testcase classname="com.csp.qa.testcase.AddCustomerPage_TC" name="AddCustomer_Exist" time="3.763"/>
  <testcase classname="com.csp.qa.testcase.Withdrawl_TC" name="Verify_Withdraw_With_InValideAmmount" time="12.222"/>
  <testcase classname="com.csp.qa.testcase.DepositePage_TC" name="VerifyDepositWithInvalidAmount" time="3.138"/>
  <testcase classname="com.csp.qa.testcase.Withdrawl_TC" name="Verify_Withdraw_With_InSufficient" time="13.955"/>
</testsuite> <!-- Test -->
