<?xml version="1.0" encoding="UTF-8"?>
<!-- Generated by org.testng.reporters.JUnitXMLReporter -->
<testsuite ignored="0" hostname="DESKTOP-RB71H0V" failures="0" tests="12" name="Test" time="156.221" errors="0" timestamp="08 Mar 2024 11:43:55 GMT">
  <testcase classname="com.csp.qa.testcase.BankManagerLogin_TC" name="testBankManagerLogin" time="3.766"/>
  <testcase classname="com.csp.qa.testcase.CustomerLoginPage_TC" name="customerlogin" time="6.473"/>
  <testcase classname="com.csp.qa.testcase.TransactionsPage_TC" name="Verify_Deposit_With_ValidAmount" time="2.399"/>
  <testcase classname="com.csp.qa.testcase.CustomerPage_TC" name="DeleteCustomerEntry" time="1.058"/>
  <testcase classname="com.csp.qa.testcase.AddCustomerPage_TC" name="AddCustomer_NotExist" time="1.908"/>
  <testcase classname="com.csp.qa.testcase.OpenAccountPage_TC" name="OpenAccount" time="12.598"/>
  <testcase classname="com.csp.qa.testcase.Withdrawl_TC" name="Verify_Withdraw_With_ValideAmmount" time="13.814"/>
  <testcase classname="com.csp.qa.testcase.DepositePage_TC" name="VerifyDepositWithValidAmount" time="4.435"/>
  <testcase classname="com.csp.qa.testcase.AddCustomerPage_TC" name="AddCustomer_Exist" time="3.503"/>
  <testcase classname="com.csp.qa.testcase.Withdrawl_TC" name="Verify_Withdraw_With_InValideAmmount" time="13.296"/>
  <testcase classname="com.csp.qa.testcase.DepositePage_TC" name="VerifyDepositWithInvalidAmount" time="3.36"/>
  <testcase classname="com.csp.qa.testcase.Withdrawl_TC" name="Verify_Withdraw_With_InSufficient" time="14.265"/>
</testsuite> <!-- Test -->
