<?xml version="1.0" encoding="UTF-8"?>
<testsuite xmlns:xsi="http://www.w3.org/2001/XMLSchema-instance" xsi:noNamespaceSchemaLocation="https://maven.apache.org/surefire/maven-surefire-plugin/xsd/surefire-test-report.xsd" name="TestSuite" time="160.459" tests="12" errors="0" skipped="0" failures="0">
  <properties>
[...]
</properties>
  <testcase name="testBankManagerLogin" classname="com.csp.qa.testcase.BankManagerLogin_TC" time="3.766"/>
  <testcase name="customerlogin" classname="com.csp.qa.testcase.CustomerLoginPage_TC" time="6.467"/>
  <testcase name="Verify_Deposit_With_ValidAmount" classname="com.csp.qa.testcase.TransactionsPage_TC" time="2.4"/>
  <testcase name="DeleteCustomerEntry" classname="com.csp.qa.testcase.CustomerPage_TC" time="1.057"/>
  <testcase name="AddCustomer_NotExist" classname="com.csp.qa.testcase.AddCustomerPage_TC" time="1.908"/>
  <testcase name="OpenAccount" classname="com.csp.qa.testcase.OpenAccountPage_TC" time="12.601"/>
  <testcase name="Verify_Withdraw_With_ValideAmmount" classname="com.csp.qa.testcase.Withdrawl_TC" time="13.815"/>
  <testcase name="VerifyDepositWithValidAmount" classname="com.csp.qa.testcase.DepositePage_TC" time="4.436"/>
  <testcase name="AddCustomer_Exist" classname="com.csp.qa.testcase.AddCustomerPage_TC" time="3.502"/>
  <testcase name="Verify_Withdraw_With_InValideAmmount" classname="com.csp.qa.testcase.Withdrawl_TC" time="13.295"/>
  <testcase name="VerifyDepositWithInvalidAmount" classname="com.csp.qa.testcase.DepositePage_TC" time="3.359"/>
  <testcase name="Verify_Withdraw_With_InSufficient" classname="com.csp.qa.testcase.Withdrawl_TC" time="14.264"/>
</testsuite>