<?xml version="1.0" encoding="UTF-8"?>
<testng-results ignored="0" total="12" passed="12" failed="0" skipped="0">
  <reporter-output>
  </reporter-output>
  <suite started-at="2024-03-08T11:41:19Z" name="Suite" finished-at="2024-03-08T11:43:55Z" duration-ms="156221">
    <groups>
    </groups>
    <test started-at="2024-03-08T11:41:19Z" name="Test" finished-at="2024-03-08T11:43:55Z" duration-ms="156221">
      <class name="com.csp.qa.testcase.TransactionsPage_TC">
        <test-method is-config="true" signature="setUp()[pri:0, instance:com.csp.qa.testcase.TransactionsPage_TC@2141a12]" started-at="2024-03-08T17:11:39Z" name="setUp" finished-at="2024-03-08T17:11:46Z" duration-ms="7281" status="PASS">
          <reporter-output>
          </reporter-output>
        </test-method> <!-- setUp -->
        <test-method signature="Verify_Deposit_With_ValidAmount()[pri:1, instance:com.csp.qa.testcase.TransactionsPage_TC@2141a12]" started-at="2024-03-08T17:11:46Z" name="Verify_Deposit_With_ValidAmount" finished-at="2024-03-08T17:11:49Z" duration-ms="2399" status="PASS">
          <reporter-output>
          </reporter-output>
        </test-method> <!-- Verify_Deposit_With_ValidAmount -->
        <test-method is-config="true" signature="tearDown()[pri:0, instance:com.csp.qa.testcase.TransactionsPage_TC@2141a12]" started-at="2024-03-08T17:11:49Z" name="tearDown" finished-at="2024-03-08T17:11:49Z" duration-ms="503" status="PASS">
          <reporter-output>
          </reporter-output>
        </test-method> <!-- tearDown -->
        <test-method is-config="true" signature="teardownBrowser()[pri:0, instance:com.csp.qa.testcase.TransactionsPage_TC@2141a12]" started-at="2024-03-08T17:11:49Z" name="teardownBrowser" finished-at="2024-03-08T17:11:49Z" duration-ms="0" status="PASS">
          <reporter-output>
          </reporter-output>
        </test-method> <!-- teardownBrowser -->
      </class> <!-- com.csp.qa.testcase.TransactionsPage_TC -->
      <class name="com.csp.qa.testcase.AddCustomerPage_TC">
        <test-method is-config="true" signature="setUp()[pri:0, instance:com.csp.qa.testcase.AddCustomerPage_TC@41294f8]" started-at="2024-03-08T17:11:57Z" name="setUp" finished-at="2024-03-08T17:12:02Z" duration-ms="5421" status="PASS">
          <reporter-output>
          </reporter-output>
        </test-method> <!-- setUp -->
        <test-method signature="AddCustomer_NotExist()[pri:1, instance:com.csp.qa.testcase.AddCustomerPage_TC@41294f8]" started-at="2024-03-08T17:12:02Z" name="AddCustomer_NotExist" finished-at="2024-03-08T17:12:04Z" duration-ms="1908" status="PASS">
          <reporter-output>
          </reporter-output>
        </test-method> <!-- AddCustomer_NotExist -->
        <test-method is-config="true" signature="tearDown()[pri:0, instance:com.csp.qa.testcase.AddCustomerPage_TC@41294f8]" started-at="2024-03-08T17:12:04Z" name="tearDown" finished-at="2024-03-08T17:12:05Z" duration-ms="400" status="PASS">
          <reporter-output>
          </reporter-output>
        </test-method> <!-- tearDown -->
        <test-method is-config="true" signature="teardownBrowser()[pri:0, instance:com.csp.qa.testcase.AddCustomerPage_TC@41294f8]" started-at="2024-03-08T17:12:05Z" name="teardownBrowser" finished-at="2024-03-08T17:12:05Z" duration-ms="1" status="PASS">
          <reporter-output>
          </reporter-output>
        </test-method> <!-- teardownBrowser -->
        <test-method is-config="true" signature="setUp()[pri:0, instance:com.csp.qa.testcase.AddCustomerPage_TC@41294f8]" started-at="2024-03-08T17:12:56Z" name="setUp" finished-at="2024-03-08T17:13:01Z" duration-ms="5770" status="PASS">
          <reporter-output>
          </reporter-output>
        </test-method> <!-- setUp -->
        <test-method signature="AddCustomer_Exist()[pri:2, instance:com.csp.qa.testcase.AddCustomerPage_TC@41294f8]" started-at="2024-03-08T17:13:01Z" name="AddCustomer_Exist" finished-at="2024-03-08T17:13:05Z" depends-on-methods="com.csp.qa.testcase.AddCustomerPage_TC.AddCustomer_NotExist" duration-ms="3503" status="PASS">
          <reporter-output>
          </reporter-output>
        </test-method> <!-- AddCustomer_Exist -->
        <test-method is-config="true" signature="tearDown()[pri:0, instance:com.csp.qa.testcase.AddCustomerPage_TC@41294f8]" started-at="2024-03-08T17:13:05Z" name="tearDown" finished-at="2024-03-08T17:13:05Z" duration-ms="441" status="PASS">
          <reporter-output>
          </reporter-output>
        </test-method> <!-- tearDown -->
        <test-method is-config="true" signature="teardownBrowser()[pri:0, instance:com.csp.qa.testcase.AddCustomerPage_TC@41294f8]" started-at="2024-03-08T17:13:05Z" name="teardownBrowser" finished-at="2024-03-08T17:13:05Z" duration-ms="0" status="PASS">
          <reporter-output>
          </reporter-output>
        </test-method> <!-- teardownBrowser -->
      </class> <!-- com.csp.qa.testcase.AddCustomerPage_TC -->
      <class name="com.csp.qa.testcase.CustomerLoginPage_TC">
        <test-method is-config="true" signature="setUp()[pri:0, instance:com.csp.qa.testcase.CustomerLoginPage_TC@7fcf2fc1]" started-at="2024-03-08T17:11:29Z" name="setUp" finished-at="2024-03-08T17:11:32Z" duration-ms="2923" status="PASS">
          <reporter-output>
          </reporter-output>
        </test-method> <!-- setUp -->
        <test-method signature="customerlogin()[pri:1, instance:com.csp.qa.testcase.CustomerLoginPage_TC@7fcf2fc1]" started-at="2024-03-08T17:11:32Z" name="customerlogin" finished-at="2024-03-08T17:11:38Z" duration-ms="6473" status="PASS">
          <reporter-output>
          </reporter-output>
        </test-method> <!-- customerlogin -->
        <test-method is-config="true" signature="tearDown()[pri:0, instance:com.csp.qa.testcase.CustomerLoginPage_TC@7fcf2fc1]" started-at="2024-03-08T17:11:38Z" name="tearDown" finished-at="2024-03-08T17:11:39Z" duration-ms="790" status="PASS">
          <reporter-output>
          </reporter-output>
        </test-method> <!-- tearDown -->
        <test-method is-config="true" signature="teardownBrowser()[pri:0, instance:com.csp.qa.testcase.CustomerLoginPage_TC@7fcf2fc1]" started-at="2024-03-08T17:11:39Z" name="teardownBrowser" finished-at="2024-03-08T17:11:39Z" duration-ms="1" status="PASS">
          <reporter-output>
          </reporter-output>
        </test-method> <!-- teardownBrowser -->
      </class> <!-- com.csp.qa.testcase.CustomerLoginPage_TC -->
      <class name="com.csp.qa.testcase.BankManagerLogin_TC">
        <test-method is-config="true" signature="setUp()[pri:0, instance:com.csp.qa.testcase.BankManagerLogin_TC@60b4beb4]" started-at="2024-03-08T17:11:19Z" name="setUp" finished-at="2024-03-08T17:11:25Z" duration-ms="5568" status="PASS">
          <reporter-output>
          </reporter-output>
        </test-method> <!-- setUp -->
        <test-method signature="testBankManagerLogin()[pri:0, instance:com.csp.qa.testcase.BankManagerLogin_TC@60b4beb4]" started-at="2024-03-08T17:11:25Z" name="testBankManagerLogin" finished-at="2024-03-08T17:11:28Z" duration-ms="3766" status="PASS">
          <reporter-output>
          </reporter-output>
        </test-method> <!-- testBankManagerLogin -->
        <test-method is-config="true" signature="tearDown()[pri:0, instance:com.csp.qa.testcase.BankManagerLogin_TC@60b4beb4]" started-at="2024-03-08T17:11:28Z" name="tearDown" finished-at="2024-03-08T17:11:29Z" duration-ms="523" status="PASS">
          <reporter-output>
          </reporter-output>
        </test-method> <!-- tearDown -->
        <test-method is-config="true" signature="teardownBrowser()[pri:0, instance:com.csp.qa.testcase.BankManagerLogin_TC@60b4beb4]" started-at="2024-03-08T17:11:29Z" name="teardownBrowser" finished-at="2024-03-08T17:11:29Z" duration-ms="0" status="PASS">
          <reporter-output>
          </reporter-output>
        </test-method> <!-- teardownBrowser -->
      </class> <!-- com.csp.qa.testcase.BankManagerLogin_TC -->
      <class name="com.csp.qa.testcase.OpenAccountPage_TC">
        <test-method is-config="true" signature="setUp()[pri:0, instance:com.csp.qa.testcase.OpenAccountPage_TC@225129c]" started-at="2024-03-08T17:12:05Z" name="setUp" finished-at="2024-03-08T17:12:10Z" duration-ms="5847" status="PASS">
          <reporter-output>
          </reporter-output>
        </test-method> <!-- setUp -->
        <test-method signature="OpenAccount()[pri:1, instance:com.csp.qa.testcase.OpenAccountPage_TC@225129c]" started-at="2024-03-08T17:12:10Z" name="OpenAccount" finished-at="2024-03-08T17:12:23Z" duration-ms="12598" status="PASS">
          <reporter-output>
          </reporter-output>
        </test-method> <!-- OpenAccount -->
        <test-method is-config="true" signature="tearDown()[pri:0, instance:com.csp.qa.testcase.OpenAccountPage_TC@225129c]" started-at="2024-03-08T17:12:23Z" name="tearDown" finished-at="2024-03-08T17:12:23Z" duration-ms="503" status="PASS">
          <reporter-output>
          </reporter-output>
        </test-method> <!-- tearDown -->
        <test-method is-config="true" signature="teardownBrowser()[pri:0, instance:com.csp.qa.testcase.OpenAccountPage_TC@225129c]" started-at="2024-03-08T17:12:23Z" name="teardownBrowser" finished-at="2024-03-08T17:12:23Z" duration-ms="0" status="PASS">
          <reporter-output>
          </reporter-output>
        </test-method> <!-- teardownBrowser -->
      </class> <!-- com.csp.qa.testcase.OpenAccountPage_TC -->
      <class name="com.csp.qa.testcase.Withdrawl_TC">
        <test-method is-config="true" signature="setUp()[pri:0, instance:com.csp.qa.testcase.Withdrawl_TC@20435c40]" started-at="2024-03-08T17:12:23Z" name="setUp" finished-at="2024-03-08T17:12:30Z" duration-ms="6380" status="PASS">
          <reporter-output>
          </reporter-output>
        </test-method> <!-- setUp -->
        <test-method signature="Verify_Withdraw_With_ValideAmmount()[pri:1, instance:com.csp.qa.testcase.Withdrawl_TC@20435c40]" started-at="2024-03-08T17:12:30Z" name="Verify_Withdraw_With_ValideAmmount" finished-at="2024-03-08T17:12:44Z" duration-ms="13814" status="PASS">
          <reporter-output>
          </reporter-output>
        </test-method> <!-- Verify_Withdraw_With_ValideAmmount -->
        <test-method is-config="true" signature="tearDown()[pri:0, instance:com.csp.qa.testcase.Withdrawl_TC@20435c40]" started-at="2024-03-08T17:12:44Z" name="tearDown" finished-at="2024-03-08T17:12:44Z" duration-ms="642" status="PASS">
          <reporter-output>
          </reporter-output>
        </test-method> <!-- tearDown -->
        <test-method is-config="true" signature="teardownBrowser()[pri:0, instance:com.csp.qa.testcase.Withdrawl_TC@20435c40]" started-at="2024-03-08T17:12:44Z" name="teardownBrowser" finished-at="2024-03-08T17:12:44Z" duration-ms="0" status="PASS">
          <reporter-output>
          </reporter-output>
        </test-method> <!-- teardownBrowser -->
        <test-method is-config="true" signature="setUp()[pri:0, instance:com.csp.qa.testcase.Withdrawl_TC@20435c40]" started-at="2024-03-08T17:13:05Z" name="setUp" finished-at="2024-03-08T17:13:11Z" duration-ms="5842" status="PASS">
          <reporter-output>
          </reporter-output>
        </test-method> <!-- setUp -->
        <test-method signature="Verify_Withdraw_With_InValideAmmount()[pri:2, instance:com.csp.qa.testcase.Withdrawl_TC@20435c40]" started-at="2024-03-08T17:13:11Z" name="Verify_Withdraw_With_InValideAmmount" finished-at="2024-03-08T17:13:24Z" duration-ms="13296" status="PASS">
          <reporter-output>
          </reporter-output>
        </test-method> <!-- Verify_Withdraw_With_InValideAmmount -->
        <test-method is-config="true" signature="tearDown()[pri:0, instance:com.csp.qa.testcase.Withdrawl_TC@20435c40]" started-at="2024-03-08T17:13:24Z" name="tearDown" finished-at="2024-03-08T17:13:25Z" duration-ms="533" status="PASS">
          <reporter-output>
          </reporter-output>
        </test-method> <!-- tearDown -->
        <test-method is-config="true" signature="teardownBrowser()[pri:0, instance:com.csp.qa.testcase.Withdrawl_TC@20435c40]" started-at="2024-03-08T17:13:25Z" name="teardownBrowser" finished-at="2024-03-08T17:13:25Z" duration-ms="1" status="PASS">
          <reporter-output>
          </reporter-output>
        </test-method> <!-- teardownBrowser -->
        <test-method is-config="true" signature="setUp()[pri:0, instance:com.csp.qa.testcase.Withdrawl_TC@20435c40]" started-at="2024-03-08T17:13:34Z" name="setUp" finished-at="2024-03-08T17:13:40Z" duration-ms="5947" status="PASS">
          <reporter-output>
          </reporter-output>
        </test-method> <!-- setUp -->
        <test-method signature="Verify_Withdraw_With_InSufficient()[pri:3, instance:com.csp.qa.testcase.Withdrawl_TC@20435c40]" started-at="2024-03-08T17:13:40Z" name="Verify_Withdraw_With_InSufficient" finished-at="2024-03-08T17:13:54Z" duration-ms="14265" status="PASS">
          <reporter-output>
          </reporter-output>
        </test-method> <!-- Verify_Withdraw_With_InSufficient -->
        <test-method is-config="true" signature="tearDown()[pri:0, instance:com.csp.qa.testcase.Withdrawl_TC@20435c40]" started-at="2024-03-08T17:13:54Z" name="tearDown" finished-at="2024-03-08T17:13:55Z" duration-ms="623" status="PASS">
          <reporter-output>
          </reporter-output>
        </test-method> <!-- tearDown -->
        <test-method is-config="true" signature="teardownBrowser()[pri:0, instance:com.csp.qa.testcase.Withdrawl_TC@20435c40]" started-at="2024-03-08T17:13:55Z" name="teardownBrowser" finished-at="2024-03-08T17:13:55Z" duration-ms="0" status="PASS">
          <reporter-output>
          </reporter-output>
        </test-method> <!-- teardownBrowser -->
      </class> <!-- com.csp.qa.testcase.Withdrawl_TC -->
      <class name="com.csp.qa.testcase.CustomerPage_TC">
        <test-method is-config="true" signature="setUp()[pri:0, instance:com.csp.qa.testcase.CustomerPage_TC@4196c360]" started-at="2024-03-08T17:11:49Z" name="setUp" finished-at="2024-03-08T17:11:55Z" duration-ms="5785" status="PASS">
          <reporter-output>
          </reporter-output>
        </test-method> <!-- setUp -->
        <test-method signature="DeleteCustomerEntry()[pri:1, instance:com.csp.qa.testcase.CustomerPage_TC@4196c360]" started-at="2024-03-08T17:11:55Z" name="DeleteCustomerEntry" finished-at="2024-03-08T17:11:56Z" duration-ms="1058" status="PASS">
          <reporter-output>
          </reporter-output>
        </test-method> <!-- DeleteCustomerEntry -->
        <test-method is-config="true" signature="tearDown()[pri:0, instance:com.csp.qa.testcase.CustomerPage_TC@4196c360]" started-at="2024-03-08T17:11:56Z" name="tearDown" finished-at="2024-03-08T17:11:57Z" duration-ms="761" status="PASS">
          <reporter-output>
          </reporter-output>
        </test-method> <!-- tearDown -->
        <test-method is-config="true" signature="teardownBrowser()[pri:0, instance:com.csp.qa.testcase.CustomerPage_TC@4196c360]" started-at="2024-03-08T17:11:57Z" name="teardownBrowser" finished-at="2024-03-08T17:11:57Z" duration-ms="0" status="PASS">
          <reporter-output>
          </reporter-output>
        </test-method> <!-- teardownBrowser -->
      </class> <!-- com.csp.qa.testcase.CustomerPage_TC -->
      <class name="com.csp.qa.testcase.DepositePage_TC">
        <test-method is-config="true" signature="setUp()[pri:0, instance:com.csp.qa.testcase.DepositePage_TC@573906eb]" started-at="2024-03-08T17:12:44Z" name="setUp" finished-at="2024-03-08T17:12:51Z" duration-ms="6211" status="PASS">
          <reporter-output>
          </reporter-output>
        </test-method> <!-- setUp -->
        <test-method signature="VerifyDepositWithValidAmount()[pri:1, instance:com.csp.qa.testcase.DepositePage_TC@573906eb]" started-at="2024-03-08T17:12:51Z" name="VerifyDepositWithValidAmount" finished-at="2024-03-08T17:12:55Z" duration-ms="4435" status="PASS">
          <reporter-output>
          </reporter-output>
        </test-method> <!-- VerifyDepositWithValidAmount -->
        <test-method is-config="true" signature="tearDown()[pri:0, instance:com.csp.qa.testcase.DepositePage_TC@573906eb]" started-at="2024-03-08T17:12:55Z" name="tearDown" finished-at="2024-03-08T17:12:56Z" duration-ms="561" status="PASS">
          <reporter-output>
          </reporter-output>
        </test-method> <!-- tearDown -->
        <test-method is-config="true" signature="teardownBrowser()[pri:0, instance:com.csp.qa.testcase.DepositePage_TC@573906eb]" started-at="2024-03-08T17:12:56Z" name="teardownBrowser" finished-at="2024-03-08T17:12:56Z" duration-ms="0" status="PASS">
          <reporter-output>
          </reporter-output>
        </test-method> <!-- teardownBrowser -->
        <test-method is-config="true" signature="setUp()[pri:0, instance:com.csp.qa.testcase.DepositePage_TC@573906eb]" started-at="2024-03-08T17:13:25Z" name="setUp" finished-at="2024-03-08T17:13:30Z" duration-ms="5545" status="PASS">
          <reporter-output>
          </reporter-output>
        </test-method> <!-- setUp -->
        <test-method signature="VerifyDepositWithInvalidAmount()[pri:2, instance:com.csp.qa.testcase.DepositePage_TC@573906eb]" started-at="2024-03-08T17:13:30Z" name="VerifyDepositWithInvalidAmount" finished-at="2024-03-08T17:13:34Z" duration-ms="3360" status="PASS">
          <reporter-output>
          </reporter-output>
        </test-method> <!-- VerifyDepositWithInvalidAmount -->
        <test-method is-config="true" signature="tearDown()[pri:0, instance:com.csp.qa.testcase.DepositePage_TC@573906eb]" started-at="2024-03-08T17:13:34Z" name="tearDown" finished-at="2024-03-08T17:13:34Z" duration-ms="483" status="PASS">
          <reporter-output>
          </reporter-output>
        </test-method> <!-- tearDown -->
        <test-method is-config="true" signature="teardownBrowser()[pri:0, instance:com.csp.qa.testcase.DepositePage_TC@573906eb]" started-at="2024-03-08T17:13:34Z" name="teardownBrowser" finished-at="2024-03-08T17:13:34Z" duration-ms="0" status="PASS">
          <reporter-output>
          </reporter-output>
        </test-method> <!-- teardownBrowser -->
      </class> <!-- com.csp.qa.testcase.DepositePage_TC -->
    </test> <!-- Test -->
  </suite> <!-- Suite -->
</testng-results>
